2024-11-23 14:38:17,711 - INFO - Using device: cpu
2024-11-23 14:38:17,712 - INFO - Loading MNIST dataset...
2024-11-23 14:38:17,740 - INFO - Dataset loaded. Training samples: 60000, Test samples: 10000
2024-11-23 14:38:17,742 - INFO - Total model parameters: 79,722
2024-11-23 14:38:17,743 - INFO - Starting training...
2024-11-23 14:38:53,309 - INFO - Epoch 1:
2024-11-23 14:38:53,309 - INFO -   Test Loss: 0.1368
2024-11-23 14:38:53,310 - INFO -   Test Accuracy: 95.73%
2024-11-23 14:38:53,313 - INFO - New best model saved with accuracy: 95.73%
2024-11-23 14:39:29,589 - INFO - Epoch 2:
2024-11-23 14:39:29,590 - INFO -   Test Loss: 0.0724
2024-11-23 14:39:29,590 - INFO -   Test Accuracy: 97.72%
2024-11-23 14:39:29,593 - INFO - New best model saved with accuracy: 97.72%
2024-11-23 14:40:07,436 - INFO - Epoch 3:
2024-11-23 14:40:07,436 - INFO -   Test Loss: 0.0512
2024-11-23 14:40:07,436 - INFO -   Test Accuracy: 98.30%
2024-11-23 14:40:07,440 - INFO - New best model saved with accuracy: 98.30%
2024-11-23 14:40:43,467 - INFO - Epoch 4:
2024-11-23 14:40:43,467 - INFO -   Test Loss: 0.0499
2024-11-23 14:40:43,468 - INFO -   Test Accuracy: 98.27%
2024-11-23 14:41:18,791 - INFO - Epoch 5:
2024-11-23 14:41:18,791 - INFO -   Test Loss: 0.0473
2024-11-23 14:41:18,791 - INFO -   Test Accuracy: 98.42%
2024-11-23 14:41:18,795 - INFO - New best model saved with accuracy: 98.42%
2024-11-23 14:41:54,995 - INFO - Epoch 6:
2024-11-23 14:41:54,995 - INFO -   Test Loss: 0.0382
2024-11-23 14:41:54,996 - INFO -   Test Accuracy: 98.81%
2024-11-23 14:41:54,998 - INFO - New best model saved with accuracy: 98.81%
2024-11-23 14:42:31,719 - INFO - Epoch 7:
2024-11-23 14:42:31,719 - INFO -   Test Loss: 0.0389
2024-11-23 14:42:31,720 - INFO -   Test Accuracy: 98.69%
2024-11-23 14:43:06,455 - INFO - Epoch 8:
2024-11-23 14:43:06,456 - INFO -   Test Loss: 0.0352
2024-11-23 14:43:06,456 - INFO -   Test Accuracy: 98.95%
2024-11-23 14:43:06,459 - INFO - New best model saved with accuracy: 98.95%
2024-11-23 14:43:41,114 - INFO - Epoch 9:
2024-11-23 14:43:41,114 - INFO -   Test Loss: 0.0298
2024-11-23 14:43:41,114 - INFO -   Test Accuracy: 99.10%
2024-11-23 14:43:41,118 - INFO - New best model saved with accuracy: 99.10%
2024-11-23 14:44:15,747 - INFO - Epoch 10:
2024-11-23 14:44:15,747 - INFO -   Test Loss: 0.0327
2024-11-23 14:44:15,747 - INFO -   Test Accuracy: 99.02%
2024-11-23 14:44:15,748 - INFO - Training completed. Best accuracy: 99.10%
2024-11-23 14:44:15,748 - INFO - Generating predictions for random test images...
2024-11-23 14:44:15,763 - INFO - Test results saved to logs/test_results.json
